<?xml version="1.0" encoding="UTF-8"?>
<!-- Generated by org.testng.reporters.JUnitReportReporter -->
<testsuite skipped="0" hostname="DESKTOP-C4DB2QQ" name="restAPI.GetRequest" tests="1" failures="0" timestamp="08 Jul 2023 05:42:33 GMT" time="2.760" errors="0">
  <testcase name="test1" time="2.760" classname="restAPI.GetRequest"/>
</testsuite> <!-- restAPI.GetRequest -->
