<?xml version="1.0" encoding="UTF-8"?>
<!-- Generated by org.testng.reporters.JUnitReportReporter -->
<testsuite skipped="0" hostname="DESKTOP-C4DB2QQ" name="restAPIBDD.GETRequestBDD" tests="1" failures="0" timestamp="09 Jul 2023 05:00:14 GMT" time="3.029" errors="0">
  <testcase name="test3" time="3.029" classname="restAPIBDD.GETRequestBDD"/>
</testsuite> <!-- restAPIBDD.GETRequestBDD -->
