<?xml version="1.0" encoding="UTF-8"?>
<!-- Generated by org.testng.reporters.JUnitReportReporter -->
<testsuite skipped="0" hostname="DESKTOP-C4DB2QQ" name="restAPI.GetRequestWithParam" tests="1" failures="0" timestamp="09 Jul 2023 04:27:28 GMT" time="2.764" errors="0">
  <testcase name="test1" time="2.764" classname="restAPI.GetRequestWithParam"/>
</testsuite> <!-- restAPI.GetRequestWithParam -->
