<?xml version="1.0" encoding="UTF-8"?>
<!-- Generated by org.testng.reporters.JUnitReportReporter -->
<testsuite skipped="0" hostname="DESKTOP-C4DB2QQ" name="springboot.GetRequest" tests="1" failures="0" timestamp="08 Jul 2023 06:26:44 GMT" time="0.706" errors="0">
  <testcase name="test1" time="0.706" classname="springboot.GetRequest"/>
</testsuite> <!-- springboot.GetRequest -->
