<?xml version="1.0" encoding="UTF-8"?>
<!-- Generated by org.testng.reporters.JUnitReportReporter -->
<testsuite hostname="DESKTOP-C4DB2QQ" failures="0" tests="1" name="restAPIXML.XmlRestAsured" time="1.545" errors="0" timestamp="09 Jul 2023 05:56:19 GMT" skipped="0">
  <testcase classname="restAPIXML.XmlRestAsured" name="test2" time="1.545"/>
</testsuite> <!-- restAPIXML.XmlRestAsured -->
