<?xml version="1.0" encoding="UTF-8"?>
<!-- Generated by org.testng.reporters.JUnitReportReporter -->
<testsuite skipped="0" hostname="DESKTOP-C4DB2QQ" name="springboot.PostNewEmployee" tests="1" failures="0" timestamp="08 Jul 2023 06:26:27 GMT" time="0.950" errors="0">
  <testcase name="test1" time="0.950" classname="springboot.PostNewEmployee"/>
</testsuite> <!-- springboot.PostNewEmployee -->
