<?xml version="1.0" encoding="UTF-8"?>
<!-- Generated by org.testng.reporters.JUnitReportReporter -->
<testsuite skipped="0" hostname="DESKTOP-C4DB2QQ" name="github.CreateRepo" tests="1" failures="0" timestamp="08 Jul 2023 06:55:50 GMT" time="2.014" errors="0">
  <testcase name="test1" time="2.014" classname="github.CreateRepo"/>
</testsuite> <!-- github.CreateRepo -->
