<?xml version="1.0" encoding="UTF-8"?>
<!-- Generated by org.testng.reporters.JUnitReportReporter -->
<testsuite skipped="0" hostname="DESKTOP-C4DB2QQ" name="restAPI.DeleteRequest" tests="1" failures="0" timestamp="08 Jul 2023 05:50:23 GMT" time="2.701" errors="0">
  <testcase name="test1" time="2.701" classname="restAPI.DeleteRequest"/>
</testsuite> <!-- restAPI.DeleteRequest -->
