<?xml version="1.0" encoding="UTF-8"?>
<!-- Generated by org.testng.reporters.JUnitReportReporter -->
<testsuite skipped="0" hostname="DESKTOP-C4DB2QQ" name="restAPI.UsingMap" tests="1" failures="0" timestamp="08 Jul 2023 04:08:53 GMT" time="3.065" errors="0">
  <testcase name="test1" time="3.065" classname="restAPI.UsingMap"/>
</testsuite> <!-- restAPI.UsingMap -->
