<?xml version="1.0" encoding="UTF-8"?>
<!-- Generated by org.testng.reporters.JUnitReportReporter -->
<testsuite skipped="0" hostname="DESKTOP-C4DB2QQ" name="restAPI.PutReques" tests="1" failures="0" timestamp="08 Jul 2023 05:42:15 GMT" time="2.858" errors="0">
  <testcase name="test1" time="2.858" classname="restAPI.PutReques"/>
</testsuite> <!-- restAPI.PutReques -->
