<?xml version="1.0" encoding="UTF-8"?>
<!-- Generated by org.testng.reporters.JUnitReportReporter -->
<testsuite skipped="0" hostname="DESKTOP-C4DB2QQ" name="github.Deleterepoe" tests="1" failures="0" timestamp="09 Jul 2023 03:41:01 GMT" time="1.306" errors="0">
  <testcase name="test1" time="1.306" classname="github.Deleterepoe"/>
</testsuite> <!-- github.Deleterepoe -->
